2014-01-30 14:34:58,790 | <<<log moved from: >>>
2014-01-30 14:34:58,791 | /scratch/dls_sw/i16/software/gda_versions/gda_8.34a/workspace_git/gda-mt.git/configurations/i16-config/users_dummy/data
2014-01-30 14:35:46,825 | >>> datasir("/scratch/dls_sw/i16/software/gda_versions/gda_8.34a/workspace_git/gda-mt.git/configurations/i16-config/users_dummy/data")
2014-01-30 14:35:46,832 | Traceback (most recent call last):
2014-01-30 14:35:46,832 |   File "<input>", line 1, in <module>
2014-01-30 14:35:46,833 | NameError: name 'datasir' is not defined
2014-01-30 14:35:52,544 | >>> datadir("/scratch/dls_sw/i16/software/gda_versions/gda_8.34a/workspace_git/gda-mt.git/configurations/i16-config/users_dummy/data")
2014-01-30 14:35:52,560 | new record log:
2014-01-30 14:35:52,560 | 
2014-01-30 14:35:52,561 | /scratch/dls_sw/i16/software/gda_versions/gda_8.34a/workspace_git/gda-mt.git/configurations/i16-config/users_dummy/data/gdaterminal.log
2014-01-30 14:35:52,562 | /scratch/dls_sw/i16/software/gda_versions/gda_8.34a/workspace_git/gda-mt.git/configurations/i16-config/users_dummy/data
2014-01-30 14:36:30,484 | >>> reset_namespace
2014-01-30 14:36:31,913 | =============================================================
2014-01-30 14:36:31,914 | Running I16 specific initialisation code from localStation.py
2014-01-30 14:36:31,914 | =============================================================
2014-01-30 14:36:31,977 | __main__:31: DeprecationWarning: The javashell module is deprecated. Use the subprocess module.
2014-01-30 14:36:33,233 | Creating metadata scannable 'meta' and commands 'setmeta', 'lsmeta',
2014-01-30 14:36:33,233 | 'addmeta','rmmeta'
2014-01-30 14:36:33,234 | Creating 'note' command
2014-01-30 14:36:33,446 | Configuring ShelveIO system
2014-01-30 14:36:33,447 |   ShelveIO path =
2014-01-30 14:36:33,447 | 
2014-01-30 14:36:33,448 | /scratch/dls_sw/i16/software/gda_versions/gda_8.34a/workspace_git/gda-mt.git/configurations/i16-config/users_dummy/var/oldStyleShelveIO/
2014-01-30 14:36:33,690 | finished time_utilities: providing objects: 'showtime','inctime','waittime', created from classes: tictoc, showtimeClass, showincrementaltimeClass, waittimeClass2
2014-01-30 14:36:34,186 | Replacing ScannableMotors kphi, kap. kth, kmu, kdelta and kgam with wrappers supporting coordinated movement
2014-01-30 14:36:34,192 | Creating post_xps_restart
2014-01-30 14:36:34,193 | Creating set_assert_sixc_home_before_moving(True|False)
2014-01-30 14:36:34,194 | Creating set_sixc_returns_demand_position(True|False)
2014-01-30 14:36:34,625 | Wrapped the monitors: c1 c2 c3 c4 c5 c6 c7 c8 rc re sixcstat
2014-01-30 14:36:34,625 | Creating dummy scannables
2014-01-30 14:36:34,627 | Creating time scannables
2014-01-30 14:36:34,629 | Running startup_offsets.py: Starting database system...
2014-01-30 14:36:34,724 | ...Database system started
2014-01-30 14:36:34,724 |   use 'offsetshelf' to see summary of offsets
2014-01-30 14:36:34,724 | Overriding gda's standard help command
2014-01-30 14:36:34,725 | Running startup_dataDirFunctions.py
2014-01-30 14:36:34,725 |   use 'datadir' to read the current directory or 'datadir name' to change it
2014-01-30 14:36:34,764 | Importing analysis commands (peak, centroid & peak optimisation)
2014-01-30 14:36:34,797 | Setting up scan data processor, scan_processor
2014-01-30 14:36:34,799 | Creating spec-like commands:
2014-01-30 14:36:34,800 |   ascan motor start stop intervals [scn [pos]] ...
2014-01-30 14:36:34,801 |   a2scan m1 s1 f1 m2 s2 f2 intervals [scn [pos]] ...
2014-01-30 14:36:34,801 |   a3scan m1 s1 f1 m2 s2 f2 m3 s3 f3 intervals [scn [pos]] ...
2014-01-30 14:36:34,802 |   mesh m1 s1 f1 intervals1 m2 s2 f2 intervals2 time [scn [pos]] ...
2014-01-30 14:36:34,802 |   dscan motor start stop intervals [scn [pos]] ...
2014-01-30 14:36:34,803 |   d2scan m1 s1 f1 m2 s2 f2 intervals [scn [pos]] ...
2014-01-30 14:36:34,803 |   d3scan m1 s1 f1 m2 s2 f2 m3 s3 f3 intervals [scn [pos]] ...
2014-01-30 14:36:34,804 | Creating gda scan commands:
2014-01-30 14:36:34,805 |   scan scn1 start stop step [scnN [start [stop [step]]]] ...
2014-01-30 14:36:34,805 |   rscan scn1 relstart relstop step [scnN relstart relstop step]... [scnN relstart step] [scnN [absolute_pos]]...
2014-01-30 14:36:34,806 |   cscan scn1 halfwidth step [scnN halfwidth step]... [scnN [absolute_pos]]...
2014-01-30 14:36:34,806 | 
2014-01-30 14:36:34,807 | Creating diffractometer base scannable base_z
2014-01-30 14:36:34,831 | <<< Entering: startup_diffractometer_euler.py ...
2014-01-30 14:36:34,908 | ... Leaving: startup_diffractometer_euler.py >>>
2014-01-30 14:36:34,944 | <<< Entering: startup_diffractometer_hkl.py ...
2014-01-30 14:36:34,961 | Running DiffractTopClass.py
2014-01-30 14:36:35,364 | UBmatrix::getUB::Error
2014-01-30 14:36:35,374 | WARNING: COULD NOT RETRIEVE THE CRYSTAL LATTICE FROM THE DATABASE
2014-01-30 14:36:35,377 | Warning:: Lattice parameter not saved or not accessible, please check the crystal name
2014-01-30 14:36:35,378 | Creating coordianted HKL scannable
2014-01-30 14:36:35,400 |    creating hkl, h, k and l
2014-01-30 14:36:35,401 |    creating  scannable (from hklPseudoDevice_Borrman): hkl_0
2014-01-30 14:36:35,433 |    creating hkl scannable with eta offset: hkl_0
2014-01-30 14:36:35,466 |    creating hkl calculator: hkl_calc
2014-01-30 14:36:35,495 | Creating fourcircle scannable
2014-01-30 14:36:35,523 | Creating scattering plane scannable: tth
2014-01-30 14:36:35,532 | Creating psi scannables: psi & psic
2014-01-30 14:36:35,581 | Traceback (most recent call last):
2014-01-30 14:36:35,582 |   File "<string>", line 76, in <module>
2014-01-30 14:36:35,582 | Exception: Manually bailing out of startup_diffractometer_hkl.py before entering the unknown (as this is a test installation)
2014-01-30 14:36:35,649 | Importing scannable.tripod. This calls /dls_sw/i16/software/gda/config/pythonscripts/gda_external.py
2014-01-30 14:36:36,124 | new record log:
2014-01-30 14:36:36,124 | 
2014-01-30 14:36:36,125 | /scratch/dls_sw/i16/software/gda_versions/gda_8.34a/workspace_git/gda-mt.git/configurations/i16-config/users_dummy/data/gdaterminal.log
2014-01-30 14:36:36,125 | Running localStation.test_only.py ...
2014-01-30 14:36:36,192 | In localStation.testonly.py
2014-01-30 14:36:36,192 | Traceback (most recent call last):
2014-01-30 14:36:36,193 |   File "<string>", line 5, in <module>
2014-01-30 14:36:36,193 | Exception: Manually INTERRUPTING localStation.testonly.py
2014-01-30 14:36:36,195 | ... completed localStation.test_only.py
2014-01-30 14:36:36,200 | new record log:
2014-01-30 14:36:36,201 | 
2014-01-30 14:36:36,202 | /scratch/dls_sw/i16/software/gda_versions/gda_8.34a/workspace_git/gda-mt.git/configurations/i16-config/users_dummy/data/gdaterminal.log
2014-01-30 14:36:36,203 | Restored datadir to: /scratch/dls_sw/i16/software/gda_versions/gda_8.34a/workspace_git/gda-mt.git/configurations/i16-config/users_dummy/data
2014-01-30 14:36:36,204 | Traceback (most recent call last):
2014-01-30 14:36:36,204 |   File "<string>", line 358, in <module>
2014-01-30 14:36:36,205 | Exception: Manually INTERRUPTING localStation.py run as this is a test installation
2014-01-30 14:36:42,580 | >>> datadir()
2014-01-30 14:36:42,582 | /scratch/dls_sw/i16/software/gda_versions/gda_8.34a/workspace_git/gda-mt.git/configurations/i16-config/users_dummy/data
2014-01-30 14:36:48,619 | >>> LocalPropertoes
2014-01-30 14:36:48,622 | Traceback (most recent call last):
2014-01-30 14:36:48,623 |   File "<input>", line 1, in <module>
2014-01-30 14:36:48,623 | NameError: name 'LocalPropertoes' is not defined
2014-01-30 14:36:50,835 | >>> LocalProperties
2014-01-30 14:36:50,840 | <type 'gda.configuration.properties.LocalProperties'>
2014-01-30 14:37:30,079 | >>> LocalProperties.get("${gda.config}/users_dummy/data")
2014-01-30 14:37:45,525 | >>> LocalProperties.get("${gda.config}") + "/users_dummy/data"
2014-01-30 14:37:45,531 | Traceback (most recent call last):
2014-01-30 14:37:45,532 |   File "<input>", line 1, in <module>
2014-01-30 14:37:45,534 | TypeError: unsupported operand type(s) for +: 'NoneType' and 'str'
2014-01-30 14:37:54,357 | >>> LocalProperties.get("gda.config") + "/users_dummy/data"
2014-01-30 14:37:54,362 | /scratch/dls_sw/i16/software/gda_versions/gda_8.34a/workspace_git/gda-mt.git/configurations/i16-config/users_dummy/data
2014-01-30 14:38:01,379 | >>> datadir()
2014-01-30 14:38:01,381 | /scratch/dls_sw/i16/software/gda_versions/gda_8.34a/workspace_git/gda-mt.git/configurations/i16-config/users_dummy/data
2014-01-30 14:38:09,459 | >>> datadir(LocalProperties.get("gda.config") + "/users_dummy/data")
2014-01-30 14:38:09,469 | new record log:
2014-01-30 14:38:09,469 | 
2014-01-30 14:38:09,470 | /scratch/dls_sw/i16/software/gda_versions/gda_8.34a/workspace_git/gda-mt.git/configurations/i16-config/users_dummy/data/gdaterminal.log
2014-01-30 14:38:09,471 | /scratch/dls_sw/i16/software/gda_versions/gda_8.34a/workspace_git/gda-mt.git/configurations/i16-config/users_dummy/data
2014-01-30 14:39:01,295 | >>> reset_namespace
2014-01-30 14:39:02,895 | =============================================================
2014-01-30 14:39:02,896 | Running I16 specific initialisation code from localStation.py
2014-01-30 14:39:02,896 | =============================================================
2014-01-30 14:39:02,959 | __main__:31: DeprecationWarning: The javashell module is deprecated. Use the subprocess module.
2014-01-30 14:39:04,209 | Creating metadata scannable 'meta' and commands 'setmeta', 'lsmeta',
2014-01-30 14:39:04,209 | 'addmeta','rmmeta'
2014-01-30 14:39:04,210 | Creating 'note' command
2014-01-30 14:39:04,406 | Configuring ShelveIO system
2014-01-30 14:39:04,406 |   ShelveIO path =
2014-01-30 14:39:04,407 | 
2014-01-30 14:39:04,407 | /scratch/dls_sw/i16/software/gda_versions/gda_8.34a/workspace_git/gda-mt.git/configurations/i16-config/users_dummy/var/oldStyleShelveIO/
2014-01-30 14:39:04,630 | finished time_utilities: providing objects: 'showtime','inctime','waittime', created from classes: tictoc, showtimeClass, showincrementaltimeClass, waittimeClass2
2014-01-30 14:39:05,116 | Replacing ScannableMotors kphi, kap. kth, kmu, kdelta and kgam with wrappers supporting coordinated movement
2014-01-30 14:39:05,122 | Creating post_xps_restart
2014-01-30 14:39:05,123 | Creating set_assert_sixc_home_before_moving(True|False)
2014-01-30 14:39:05,123 | Creating set_sixc_returns_demand_position(True|False)
2014-01-30 14:39:05,536 | Wrapped the monitors: c1 c2 c3 c4 c5 c6 c7 c8 rc re sixcstat
2014-01-30 14:39:05,536 | Creating dummy scannables
2014-01-30 14:39:05,537 | Creating time scannables
2014-01-30 14:39:05,539 | Running startup_offsets.py: Starting database system...
2014-01-30 14:39:05,626 | ...Database system started
2014-01-30 14:39:05,626 |   use 'offsetshelf' to see summary of offsets
2014-01-30 14:39:05,627 | Overriding gda's standard help command
2014-01-30 14:39:05,627 | Running startup_dataDirFunctions.py
2014-01-30 14:39:05,627 |   use 'datadir' to read the current directory or 'datadir name' to change it
2014-01-30 14:39:05,665 | Importing analysis commands (peak, centroid & peak optimisation)
2014-01-30 14:39:05,697 | Setting up scan data processor, scan_processor
2014-01-30 14:39:05,698 | Creating spec-like commands:
2014-01-30 14:39:05,699 |   ascan motor start stop intervals [scn [pos]] ...
2014-01-30 14:39:05,699 |   a2scan m1 s1 f1 m2 s2 f2 intervals [scn [pos]] ...
2014-01-30 14:39:05,700 |   a3scan m1 s1 f1 m2 s2 f2 m3 s3 f3 intervals [scn [pos]] ...
2014-01-30 14:39:05,701 |   mesh m1 s1 f1 intervals1 m2 s2 f2 intervals2 time [scn [pos]] ...
2014-01-30 14:39:05,701 |   dscan motor start stop intervals [scn [pos]] ...
2014-01-30 14:39:05,702 |   d2scan m1 s1 f1 m2 s2 f2 intervals [scn [pos]] ...
2014-01-30 14:39:05,702 |   d3scan m1 s1 f1 m2 s2 f2 m3 s3 f3 intervals [scn [pos]] ...
2014-01-30 14:39:05,703 | Creating gda scan commands:
2014-01-30 14:39:05,704 |   scan scn1 start stop step [scnN [start [stop [step]]]] ...
2014-01-30 14:39:05,704 |   rscan scn1 relstart relstop step [scnN relstart relstop step]... [scnN relstart step] [scnN [absolute_pos]]...
2014-01-30 14:39:05,705 |   cscan scn1 halfwidth step [scnN halfwidth step]... [scnN [absolute_pos]]...
2014-01-30 14:39:05,706 | 
2014-01-30 14:39:05,707 | Creating diffractometer base scannable base_z
2014-01-30 14:39:05,734 | <<< Entering: startup_diffractometer_euler.py ...
2014-01-30 14:39:05,817 | ... Leaving: startup_diffractometer_euler.py >>>
2014-01-30 14:39:05,848 | <<< Entering: startup_diffractometer_hkl.py ...
2014-01-30 14:39:05,861 | Running DiffractTopClass.py
2014-01-30 14:39:06,276 | UBmatrix::getUB::Error
2014-01-30 14:39:06,284 | WARNING: COULD NOT RETRIEVE THE CRYSTAL LATTICE FROM THE DATABASE
2014-01-30 14:39:06,286 | Warning:: Lattice parameter not saved or not accessible, please check the crystal name
2014-01-30 14:39:06,287 | Creating coordianted HKL scannable
2014-01-30 14:39:06,307 |    creating hkl, h, k and l
2014-01-30 14:39:06,307 |    creating  scannable (from hklPseudoDevice_Borrman): hkl_0
2014-01-30 14:39:06,340 |    creating hkl scannable with eta offset: hkl_0
2014-01-30 14:39:06,372 |    creating hkl calculator: hkl_calc
2014-01-30 14:39:06,400 | Creating fourcircle scannable
2014-01-30 14:39:06,427 | Creating scattering plane scannable: tth
2014-01-30 14:39:06,434 | Creating psi scannables: psi & psic
2014-01-30 14:39:06,483 | Traceback (most recent call last):
2014-01-30 14:39:06,484 |   File "<string>", line 76, in <module>
2014-01-30 14:39:06,484 | Exception: Manually bailing out of startup_diffractometer_hkl.py before entering the unknown (as this is a test installation)
2014-01-30 14:39:06,550 | Importing scannable.tripod. This calls /dls_sw/i16/software/gda/config/pythonscripts/gda_external.py
2014-01-30 14:39:06,985 | new record log:
2014-01-30 14:39:06,985 | 
2014-01-30 14:39:06,985 | /scratch/dls_sw/i16/software/gda_versions/gda_8.34a/workspace_git/gda-mt.git/configurations/i16-config/users_dummy/data/gdaterminal.log
2014-01-30 14:39:06,986 | Running localStation.test_only.py ...
2014-01-30 14:39:07,048 | In localStation.testonly.py
2014-01-30 14:39:07,050 | Traceback (most recent call last):
2014-01-30 14:39:07,051 |   File "<string>", line 5, in <module>
2014-01-30 14:39:07,051 | Exception: Manually INTERRUPTING localStation.testonly.py
2014-01-30 14:39:07,053 | ... completed localStation.test_only.py
2014-01-30 14:39:07,057 | new record log:
2014-01-30 14:39:07,058 | 
2014-01-30 14:39:07,059 | /scratch/dls_sw/i16/software/gda_versions/gda_8.34a/workspace_git/gda-mt.git/configurations/i16-config/users_dummy/data/gdaterminal.log
2014-01-30 14:39:07,059 | Restored datadir to: /scratch/dls_sw/i16/software/gda_versions/gda_8.34a/workspace_git/gda-mt.git/configurations/i16-config/users_dummy/data
2014-01-30 14:39:07,060 | Traceback (most recent call last):
2014-01-30 14:39:07,061 |   File "<string>", line 358, in <module>
2014-01-30 14:39:07,061 | Exception: Manually INTERRUPTING localStation.py run as this is a test installation
